0 info it worked if it ends with ok
1 verbose cli [
1 verbose cli   'C:\\Program Files\\nodejs\\node.exe',
1 verbose cli   'C:\\Users\\Helga\\AppData\\Roaming\\npm\\node_modules\\npm\\bin\\npm-cli.js',
1 verbose cli   'run',
1 verbose cli   'start'
1 verbose cli ]
2 info using npm@3.10.10
3 info using node@v12.16.3
4 verbose run-script [ 'prestart', 'start', 'poststart' ]
5 info lifecycle reveal.js@4.0.0~prestart: reveal.js@4.0.0
6 silly lifecycle reveal.js@4.0.0~prestart: no script for prestart, continuing
7 info lifecycle reveal.js@4.0.0~start: reveal.js@4.0.0
8 verbose lifecycle reveal.js@4.0.0~start: unsafe-perm in lifecycle true
9 verbose lifecycle reveal.js@4.0.0~start: PATH: C:\Users\Helga\AppData\Roaming\npm\node_modules\npm\bin\node-gyp-bin;D:\ant\RSSchool\helgaant-RS2020Q1\presentation\node_modules\.bin;C:\Program Files\Git\mingw64\bin;C:\Program Files\Git\usr\bin;C:\Users\Helga\bin;C:\Program Files (x86)\Common Files\Oracle\Java\javapath;C:\Program Files (x86)\Common Files\Intel\Shared Libraries\redist\intel64\compiler;C:\Program Files (x86)\NVIDIA Corporation\PhysX\Common;C:\Program Files (x86)\Kingston SSD Toolbox;C:\WINDOWS\system32;C:\WINDOWS;C:\WINDOWS\System32\Wbem;C:\WINDOWS\System32\WindowsPowerShell\v1.0;C:\Program Files (x86)\Intel\OpenCL SDK\2.0\bin\x86;C:\Program Files (x86)\Intel\OpenCL SDK\2.0\bin\x64;C:\Program Files (x86)\Common Files\lenovo\easyplussdk\bin;C:\WINDOWS\system32\config\systemprofile\.dnx\bin;C:\Program Files\Microsoft DNX\Dnvm;C:\Program Files\Microsoft SQL Server\120\Tools\Binn;C:\Program Files (x86)\Windows Kits\10\Windows Performance Toolkit;C:\Program Files (x86)\nodejs;C:\Program Files\Git\cmd;C:\Program Files (x86)\Windows Live\Shared;C:\Program Files (x86)\GtkSharp\2.12\bin;C:\Program Files (x86)\Calibre;C:\Program Files\TortoiseSVN\bin;C:\Program Files\Microsoft SQL Server\110\Tools\Binn;C:\WINDOWS\System32\OpenSSH;C:\Program Files\TDM-GCC\bin;C:\Program Files (x86)\GitExtensions;C:\Program Files\nodejs;C:\Users\Helga\AppData\Local\Microsoft\WindowsApps;C:\Users\Helga\AppData\Local\Programs\Microsoft VS Code\bin;C:\Users\Helga\AppData\Roaming\npm
10 verbose lifecycle reveal.js@4.0.0~start: CWD: D:\ant\RSSchool\helgaant-RS2020Q1\presentation
11 silly lifecycle reveal.js@4.0.0~start: Args: [ '/d /s /c', 'gulp serve' ]
12 verbose stack Error: kill ENOSYS
12 verbose stack     at process.kill (internal/process/per_thread.js:197:13)
12 verbose stack     at process.listener (C:\Users\Helga\AppData\Roaming\npm\node_modules\npm\node_modules\npmlog\node_modules\gauge\node_modules\signal-exit\index.js:86:15)
12 verbose stack     at process.emit (events.js:322:22)
13 verbose cwd D:\ant\RSSchool\helgaant-RS2020Q1\presentation
14 error Windows_NT 10.0.17134
15 error argv "C:\\Program Files\\nodejs\\node.exe" "C:\\Users\\Helga\\AppData\\Roaming\\npm\\node_modules\\npm\\bin\\npm-cli.js" "run" "start"
16 error node v12.16.3
17 error npm  v3.10.10
18 error code ENOSYS
19 error errno ENOSYS
20 error syscall kill
21 error kill ENOSYS
22 error If you need help, you may report this error at:
22 error     <https://github.com/npm/npm/issues>
23 verbose exit [ 1, true ]
